#
# There is insufficient memory for the Java Runtime Environment to continue.
# Native memory allocation (mmap) failed to map 65011712 bytes for G1 virtual space
# Possible reasons:
#   The system is out of physical RAM or swap space
#   The process is running with CompressedOops enabled, and the Java Heap may be blocking the growth of the native heap
# Possible solutions:
#   Reduce memory load on the system
#   Increase physical memory or swap space
#   Check if swap backing store is full
#   Decrease Java heap size (-Xmx/-Xms)
#   Decrease number of Java threads
#   Decrease Java thread stack sizes (-Xss)
#   Set larger code cache with -XX:ReservedCodeCacheSize=
#   JVM is running with Unscaled Compressed Oops mode in which the Java heap is
#     placed in the first 4GB address space. The Java Heap base address is the
#     maximum limit for the native heap growth. Please use -XX:HeapBaseMinAddress
#     to set the Java Heap base and to place the Java Heap above 4GB virtual address.
# This output file may be truncated or incomplete.
#
#  Out of Memory Error (os_windows.cpp:3600), pid=10392, tid=1624
#
# JRE version:  (21.0.2+13) (build )
# Java VM: Java HotSpot(TM) 64-Bit Server VM (21.0.2+13-LTS-58, mixed mode, sharing, tiered, compressed oops, compressed class ptrs, g1 gc, windows-amd64)
# No core dump will be written. Minidumps are not enabled by default on client versions of Windows
#

---------------  S U M M A R Y ------------

Command Line: -Dfile.encoding=UTF-8 --module-path=C:\Users\glori\OneDrive\Escritorio\Proyecto2024Balance\Login\build\classes com.Proyecto.Login

Host: Intel(R) Celeron(R) N4020 CPU @ 1.10GHz, 2 cores, 3G,  Windows 11 , 64 bit Build 22621 (10.0.22621.3085)
Time: Sun Mar  3 18:10:46 2024 Hora estándar central (México) elapsed time: 0.041033 seconds (0d 0h 0m 0s)

---------------  T H R E A D  ---------------

Current thread (0x000001e4af578f50):  JavaThread "Unknown thread" [_thread_in_vm, id=1624, stack(0x00000029bab00000,0x00000029bac00000) (1024K)]

Stack: [0x00000029bab00000,0x00000029bac00000]
Native frames: (J=compiled Java code, j=interpreted, Vv=VM code, C=native code)
V  [jvm.dll+0x6cade9]
V  [jvm.dll+0x8569c1]
V  [jvm.dll+0x858d2e]
V  [jvm.dll+0x859413]
V  [jvm.dll+0x280e56]
V  [jvm.dll+0x6c74d5]
V  [jvm.dll+0x6bbeca]
V  [jvm.dll+0x355bca]
V  [jvm.dll+0x35d816]
V  [jvm.dll+0x3ae67e]
V  [jvm.dll+0x3ae928]
V  [jvm.dll+0x3295dc]
V  [jvm.dll+0x32a16b]
V  [jvm.dll+0x81efa9]
V  [jvm.dll+0x3bba01]
V  [jvm.dll+0x807928]
V  [jvm.dll+0x44f50e]
V  [jvm.dll+0x450e11]
C  [jli.dll+0x52a3]
C  [ucrtbase.dll+0x29363]
C  [KERNEL32.DLL+0x1257d]
C  [ntdll.dll+0x5aa58]


---------------  P R O C E S S  ---------------

Threads class SMR info:
_java_thread_list=0x00007ff839fcbb88, length=0, elements={
}

Java Threads: ( => current thread )
Total: 0

Other Threads:
  0x000001e4af5a7960 WorkerThread "GC Thread#0"                     [id=5124, stack(0x00000029bac00000,0x00000029bad00000) (1024K)]
  0x000001e4af5b03c0 ConcurrentGCThread "G1 Main Marker"            [id=10996, stack(0x00000029bad00000,0x00000029bae00000) (1024K)]
  0x000001e4af5b0ec0 WorkerThread "G1 Conc#0"                       [id=12912, stack(0x00000029bae00000,0x00000029baf00000) (1024K)]

[error occurred during error reporting (printing all threads), id 0xc0000005, EXCEPTION_ACCESS_VIOLATION (0xc0000005) at pc=0x00007ff83973c6a7]
VM state: not at safepoint (not fully initialized)

VM Mutex/Monitor currently owned by a thread:  ([mutex/lock_event])
[0x00007ff83a03ce68] Heap_lock - owner thread: 0x000001e4af578f50

Heap address: 0x00000000c3000000, size: 976 MB, Compressed Oops mode: 32-bit

CDS archive(s) mapped at: [0x0000000000000000-0x0000000000000000-0x0000000000000000), size 0, SharedBaseAddress: 0x0000000800000000, ArchiveRelocationMode: 1.
Narrow klass base: 0x0000000000000000, Narrow klass shift: 0, Narrow klass range: 0x0

GC Precious Log:
 CardTable entry size: 512
 Card Set container configuration: InlinePtr #cards 5 size 8 Array Of Cards #cards 12 size 40 Howl #buckets 4 coarsen threshold 1843 Howl Bitmap #cards 512 size 80 coarsen threshold 460 Card regions per heap region 1 cards per card region 2048

Heap:
 garbage-first heap   total 0K, used 0K [0x00000000c3000000, 0x0000000100000000)
  region size 1024K, 0 young (0K), 0 survivors (0K)

[error occurred during error reporting (printing heap information), id 0xc0000005, EXCEPTION_ACCESS_VIOLATION (0xc0000005) at pc=0x00007ff839b239f9]
GC Heap History (0 events):
No events

Dll operation events (1 events):
Event: 0.019 Loaded shared library C:\Program Files\Java\jdk-21\bin\java.dll

Deoptimization events (0 events):
No events

Classes loaded (0 events):
No events

Classes unloaded (0 events):
No events

Classes redefined (0 events):
No events

Internal exceptions (0 events):
No events

ZGC Phase Switch (0 events):
No events

VM Operations (0 events):
No events

Events (0 events):
No events


Dynamic libraries:
0x00007ff79a030000 - 0x00007ff79a040000 	C:\Program Files\Java\jdk-21\bin\java.exe
0x00007ff885bb0000 - 0x00007ff885dc7000 	C:\WINDOWS\SYSTEM32\ntdll.dll
0x00007ff8843a0000 - 0x00007ff884464000 	C:\WINDOWS\System32\KERNEL32.DLL
0x00007ff883120000 - 0x00007ff8834c6000 	C:\WINDOWS\System32\KERNELBASE.dll
0x00007ff882ef0000 - 0x00007ff883001000 	C:\WINDOWS\System32\ucrtbase.dll
0x00007ff87c250000 - 0x00007ff87c26b000 	C:\Program Files\Java\jdk-21\bin\VCRUNTIME140.dll
0x00007ff87c170000 - 0x00007ff87c189000 	C:\Program Files\Java\jdk-21\bin\jli.dll
0x00007ff883fc0000 - 0x00007ff884073000 	C:\WINDOWS\System32\ADVAPI32.dll
0x00007ff8839f0000 - 0x00007ff883a97000 	C:\WINDOWS\System32\msvcrt.dll
0x00007ff8849d0000 - 0x00007ff884a78000 	C:\WINDOWS\System32\sechost.dll
0x00007ff883670000 - 0x00007ff883698000 	C:\WINDOWS\System32\bcrypt.dll
0x00007ff883aa0000 - 0x00007ff883bb7000 	C:\WINDOWS\System32\RPCRT4.dll
0x00007ff883c50000 - 0x00007ff883dfe000 	C:\WINDOWS\System32\USER32.dll
0x00007ff8834d0000 - 0x00007ff8834f6000 	C:\WINDOWS\System32\win32u.dll
0x00007ff884e20000 - 0x00007ff884e49000 	C:\WINDOWS\System32\GDI32.dll
0x00007ff883720000 - 0x00007ff883838000 	C:\WINDOWS\System32\gdi32full.dll
0x00007ff883080000 - 0x00007ff88311a000 	C:\WINDOWS\System32\msvcp_win.dll
0x00007ff867c70000 - 0x00007ff867f03000 	C:\WINDOWS\WinSxS\amd64_microsoft.windows.common-controls_6595b64144ccf1df_6.0.22621.2506_none_270c5ae97388e100\COMCTL32.dll
0x00007ff8740a0000 - 0x00007ff8740aa000 	C:\WINDOWS\SYSTEM32\VERSION.dll
0x00007ff883e80000 - 0x00007ff883eb1000 	C:\WINDOWS\System32\IMM32.DLL
0x00007ff87f840000 - 0x00007ff87f84c000 	C:\Program Files\Java\jdk-21\bin\vcruntime140_1.dll
0x00007ff872360000 - 0x00007ff8723ee000 	C:\Program Files\Java\jdk-21\bin\msvcp140.dll
0x00007ff839400000 - 0x00007ff83a117000 	C:\Program Files\Java\jdk-21\bin\server\jvm.dll
0x00007ff883900000 - 0x00007ff883971000 	C:\WINDOWS\System32\WS2_32.dll
0x00007ff882dc0000 - 0x00007ff882e0d000 	C:\WINDOWS\SYSTEM32\POWRPROF.dll
0x00007ff87bad0000 - 0x00007ff87bb04000 	C:\WINDOWS\SYSTEM32\WINMM.dll
0x00007ff882da0000 - 0x00007ff882db3000 	C:\WINDOWS\SYSTEM32\UMPDC.dll
0x00007ff881f30000 - 0x00007ff881f48000 	C:\WINDOWS\SYSTEM32\kernel.appcore.dll
0x00007ff87f810000 - 0x00007ff87f81a000 	C:\Program Files\Java\jdk-21\bin\jimage.dll
0x00007ff8809f0000 - 0x00007ff880c23000 	C:\WINDOWS\SYSTEM32\DBGHELP.DLL
0x00007ff884a80000 - 0x00007ff884e09000 	C:\WINDOWS\System32\combase.dll
0x00007ff8848f0000 - 0x00007ff8849c7000 	C:\WINDOWS\System32\OLEAUT32.dll
0x00007ff877180000 - 0x00007ff8771b2000 	C:\WINDOWS\SYSTEM32\dbgcore.DLL
0x00007ff8836a0000 - 0x00007ff88371a000 	C:\WINDOWS\System32\bcryptPrimitives.dll
0x00007ff879290000 - 0x00007ff8792af000 	C:\Program Files\Java\jdk-21\bin\java.dll

dbghelp: loaded successfully - version: 4.0.5 - missing functions: none
symbol engine: initialized successfully - sym options: 0x614 - pdb path: .;C:\Program Files\Java\jdk-21\bin;C:\WINDOWS\SYSTEM32;C:\WINDOWS\WinSxS\amd64_microsoft.windows.common-controls_6595b64144ccf1df_6.0.22621.2506_none_270c5ae97388e100;C:\Program Files\Java\jdk-21\bin\server

VM Arguments:
jvm_args: -Dfile.encoding=UTF-8 --module-path=C:\Users\glori\OneDrive\Escritorio\Proyecto2024Balance\Login\build\classes 
java_command: com.Proyecto.Login
java_class_path (initial): C:\Program Files\NetBeans-20\netbeans\java\modules\ext\AbsoluteLayout.jar;C:\Users\glori\OneDrive\Escritorio\Proyecto2024Balance\Login\build\classes
Launcher Type: SUN_STANDARD

[Global flags]
     intx CICompilerCount                          = 2                                         {product} {ergonomic}
     uint ConcGCThreads                            = 1                                         {product} {ergonomic}
     uint G1ConcRefinementThreads                  = 2                                         {product} {ergonomic}
   size_t G1HeapRegionSize                         = 1048576                                   {product} {ergonomic}
    uintx GCDrainStackTargetSize                   = 64                                        {product} {ergonomic}
   size_t InitialHeapSize                          = 65011712                                  {product} {ergonomic}
   size_t MarkStackSize                            = 4194304                                   {product} {ergonomic}
   size_t MaxHeapSize                              = 1023410176                                {product} {ergonomic}
   size_t MinHeapDeltaBytes                        = 1048576                                   {product} {ergonomic}
   size_t MinHeapSize                              = 8388608                                   {product} {ergonomic}
    uintx NonNMethodCodeHeapSize                   = 5826188                                {pd product} {ergonomic}
    uintx NonProfiledCodeHeapSize                  = 122916026                              {pd product} {ergonomic}
    uintx ProfiledCodeHeapSize                     = 122916026                              {pd product} {ergonomic}
    uintx ReservedCodeCacheSize                    = 251658240                              {pd product} {ergonomic}
     bool SegmentedCodeCache                       = true                                      {product} {ergonomic}
   size_t SoftMaxHeapSize                          = 1023410176                             {manageable} {ergonomic}
     bool UseCompressedOops                        = true                           {product lp64_product} {ergonomic}
     bool UseG1GC                                  = true                                      {product} {ergonomic}
     bool UseLargePagesIndividualAllocation        = false                                  {pd product} {ergonomic}

Logging:
Log output configuration:
 #0: stdout all=warning uptime,level,tags foldmultilines=false
 #1: stderr all=off uptime,level,tags foldmultilines=false

Environment Variables:
PATH=C:\Program Files\Common Files\Oracle\Java\javapath;C:\WINDOWS\system32;C:\WINDOWS;C:\WINDOWS\System32\Wbem;C:\WINDOWS\System32\WindowsPowerShell\v1.0\;C:\WINDOWS\System32\OpenSSH\;C:\Program Files\Git\cmd;C:\Users\glori\AppData\Local\Microsoft\WindowsApps;C:\Users\glori\AppData\Local\Programs\Microsoft VS Code\bin
USERNAME=glori
OS=Windows_NT
PROCESSOR_IDENTIFIER=Intel64 Family 6 Model 122 Stepping 8, GenuineIntel
TMP=C:\Users\glori\AppData\Local\Temp
TEMP=C:\Users\glori\AppData\Local\Temp




Periodic native trim disabled

---------------  S Y S T E M  ---------------

OS:
 Windows 11 , 64 bit Build 22621 (10.0.22621.3085)
OS uptime: 2 days 18:04 hours

CPU: total 2 (initial active 2) (2 cores per cpu, 1 threads per core) family 6 model 122 stepping 8 microcode 0x18, cx8, cmov, fxsr, mmx, 3dnowpref, sse, sse2, sse3, ssse3, sse4.1, sse4.2, popcnt, tsc, tscinvbit, aes, erms, clmul, sha, clflush, clflushopt, rdtscp, rdpid
Processor Information for all 2 processors :
  Max Mhz: 1101, Current Mhz: 1101, Mhz Limit: 1101

Memory: 4k page, system-wide physical 3899M (380M free)
TotalPageFile size 9713M (AvailPageFile size 60M)
current process WorkingSet (physical memory assigned to process): 11M, peak: 11M
current process commit charge ("private bytes"): 47M, peak: 109M

vm_info: Java HotSpot(TM) 64-Bit Server VM (21.0.2+13-LTS-58) for windows-amd64 JRE (21.0.2+13-LTS-58), built on 2024-01-05T18:32:24Z by "mach5one" with MS VC++ 17.1 (VS2022)

END.
